C51 COMPILER V9.60.7.0   PROG                                                              04/09/2023 21:18:04 PAGE 1   


C51 COMPILER V9.60.7.0, COMPILATION OF MODULE PROG
OBJECT MODULE PLACED IN .\Objects\prog.obj
COMPILER INVOKED BY: C:\Keil_v5\C51\BIN\C51.EXE prog.c OPTIMIZE(8,SPEED) BROWSE DEBUG OBJECTEXTEND PRINT(.\Listings\prog
                    -.lst) TABS(2) OBJECT(.\Objects\prog.obj)

line level    source

   1          #include <REG51.H>
   2          sbit LED=P1^0;
   3          void timer0_isr() interrupt 1
   4          {
   5   1        LED=~LED;
   6   1        TH0=0xDB;
   7   1        TL0=0xFF;
   8   1      }
   9          void main()
  10          {
  11   1        LED=0;
  12   1        TMOD=0x01;
  13   1        IE=0x82;        // enable timer 0 interrupt  
  14   1        TR0 = 1;        // start timer  
  15   1        while (1);  
  16   1      }
  17          


MODULE INFORMATION:   STATIC OVERLAYABLE
   CODE SIZE        =     21    ----
   CONSTANT SIZE    =   ----    ----
   XDATA SIZE       =   ----    ----
   PDATA SIZE       =   ----    ----
   DATA SIZE        =   ----    ----
   IDATA SIZE       =   ----    ----
   BIT SIZE         =   ----    ----
END OF MODULE INFORMATION.


C51 COMPILATION COMPLETE.  0 WARNING(S),  0 ERROR(S)
