C51 COMPILER V9.60.7.0   KEYPAD                                                            03/17/2023 10:54:18 PAGE 1   


C51 COMPILER V9.60.7.0, COMPILATION OF MODULE KEYPAD
OBJECT MODULE PLACED IN .\Objects\Keypad.obj
COMPILER INVOKED BY: C:\Keil_v5\C51\BIN\C51.EXE Keypad.c OPTIMIZE(8,SPEED) BROWSE DEBUG OBJECTEXTEND PRINT(.\Listings\Ke
                    -ypad.lst) TABS(2) OBJECT(.\Objects\Keypad.obj)

line level    source

   1          #include <REG51.H>
   2          #include"LCD.h"
   3          #include"keypad.h"
   4          
   5          void main()
   6          {
   7   1        LCD_Init();//Initialization of LCD
   8   1        LCD_String("Enter the key:");//Write String on 1st line of LCD
   9   1        LCD_Command(0XC0);//go to 2nd line
  10   1        while(1)
  11   1        {
  12   2          keypad();
  13   2        }
  14   1      }


MODULE INFORMATION:   STATIC OVERLAYABLE
   CODE SIZE        =    423    ----
   CONSTANT SIZE    =     15    ----
   XDATA SIZE       =   ----    ----
   PDATA SIZE       =   ----    ----
   DATA SIZE        =   ----       5
   IDATA SIZE       =   ----    ----
   BIT SIZE         =   ----    ----
END OF MODULE INFORMATION.


C51 COMPILATION COMPLETE.  0 WARNING(S),  0 ERROR(S)
