C51 COMPILER V9.60.7.0   ECHO                                                              04/10/2023 18:30:34 PAGE 1   


C51 COMPILER V9.60.7.0, COMPILATION OF MODULE ECHO
OBJECT MODULE PLACED IN .\Objects\Echo.obj
COMPILER INVOKED BY: C:\Keil_v5\C51\BIN\C51.EXE Echo.c OPTIMIZE(8,SPEED) BROWSE DEBUG OBJECTEXTEND PRINT(.\Listings\Echo
                    -.lst) TABS(2) OBJECT(.\Objects\Echo.obj)

line level    source

   1          #include <REG51.H>
   2          void main()
   3          {
   4   1        unsigned char mybyte;
   5   1        TMOD=0x20;
   6   1        TH1=0xFA;
   7   1        SCON=0x50;
   8   1        TR1=1;
   9   1        while(1)
  10   1        {
  11   2          while(RI==0);
  12   2          mybyte=SBUF;
  13   2          RI=0;
  14   2          SBUF=mybyte;
  15   2          while(TI==0);
  16   2          TI=0;
  17   2        }
  18   1      }


MODULE INFORMATION:   STATIC OVERLAYABLE
   CODE SIZE        =     27    ----
   CONSTANT SIZE    =   ----    ----
   XDATA SIZE       =   ----    ----
   PDATA SIZE       =   ----    ----
   DATA SIZE        =   ----    ----
   IDATA SIZE       =   ----    ----
   BIT SIZE         =   ----    ----
END OF MODULE INFORMATION.


C51 COMPILATION COMPLETE.  0 WARNING(S),  0 ERROR(S)
