C51 COMPILER V9.60.7.0   ADC0808                                                           05/25/2023 07:59:59 PAGE 1   


C51 COMPILER V9.60.7.0, COMPILATION OF MODULE ADC0808
OBJECT MODULE PLACED IN .\Objects\ADC0808.obj
COMPILER INVOKED BY: C:\Keil_v5\C51\BIN\C51.EXE ADC0808.c OPTIMIZE(8,SPEED) BROWSE DEBUG OBJECTEXTEND PRINT(.\Listings\A
                    -DC0808.lst) TABS(2) OBJECT(.\Objects\ADC0808.obj)

line level    source

   1          #include <REGX51.H>
   2          sbit A0=P3^0;
   3          sbit A1=P3^1;
   4          sbit A2=P3^2;
   5          sbit ALE=P3^3;
   6          sbit SOC=P3^4;
   7          
   8          void msdelay(unsigned int time)
   9          {
  10   1        unsigned int i,j;
  11   1        for(i=0;i<time;i++)
  12   1        {
  13   2          for(j=0;j<1275;j++);
  14   2        }
  15   1      }
  16          void main()
  17          {
  18   1        P1=0xFF;
  19   1        while(1)
  20   1        {
  21   2          SOC=0;ALE=0;
  22   2          A0=0;A1=0;A2=0;
  23   2          ALE=0;ALE=1;
  24   2          SOC=1;SOC=0;
  25   2          msdelay(10);
  26   2          P2=P1;
  27   2          msdelay(1);
  28   2        }
  29   1      }


MODULE INFORMATION:   STATIC OVERLAYABLE
   CODE SIZE        =     70    ----
   CONSTANT SIZE    =   ----    ----
   XDATA SIZE       =   ----    ----
   PDATA SIZE       =   ----    ----
   DATA SIZE        =   ----    ----
   IDATA SIZE       =   ----    ----
   BIT SIZE         =   ----    ----
END OF MODULE INFORMATION.


C51 COMPILATION COMPLETE.  0 WARNING(S),  0 ERROR(S)
