C51 COMPILER V9.60.7.0   DCMOTOR                                                           03/09/2023 22:16:58 PAGE 1   


C51 COMPILER V9.60.7.0, COMPILATION OF MODULE DCMOTOR
OBJECT MODULE PLACED IN .\Objects\DCmotor.obj
COMPILER INVOKED BY: C:\Keil_v5\C51\BIN\C51.EXE DCmotor.c OPTIMIZE(8,SPEED) BROWSE DEBUG OBJECTEXTEND PRINT(.\Listings\D
                    -Cmotor.lst) TABS(2) OBJECT(.\Objects\DCmotor.obj)

line level    source

   1          #include<REG51.h>
   2          sbit RL1=P2^0;
   3          sbit RL2=P2^1;
   4          sbit SW1=P1^0;
   5          sbit SW2=P1^1;
   6          void main()
   7          {
   8   1        while(1)
   9   1        {
  10   2          if(SW1==0 && SW2==1)
  11   2          {
  12   3            RL1=1;
  13   3            RL2=0;
  14   3          }
  15   2          else if(SW1==1 && SW2==0)
  16   2          {
  17   3            RL1=0;
  18   3            RL2=1;
  19   3          }
  20   2          else
  21   2          {
  22   3            RL1=0;
  23   3            RL2=0;
  24   3          }
  25   2        }
  26   1      }


MODULE INFORMATION:   STATIC OVERLAYABLE
   CODE SIZE        =     30    ----
   CONSTANT SIZE    =   ----    ----
   XDATA SIZE       =   ----    ----
   PDATA SIZE       =   ----    ----
   DATA SIZE        =   ----    ----
   IDATA SIZE       =   ----    ----
   BIT SIZE         =   ----    ----
END OF MODULE INFORMATION.


C51 COMPILATION COMPLETE.  0 WARNING(S),  0 ERROR(S)
