C51 COMPILER V9.60.7.0   TIMER0MODE0                                                       04/26/2023 21:54:21 PAGE 1   


C51 COMPILER V9.60.7.0, COMPILATION OF MODULE TIMER0MODE0
OBJECT MODULE PLACED IN .\Objects\Timer0Mode0.obj
COMPILER INVOKED BY: C:\Keil_v5\C51\BIN\C51.EXE Timer0Mode0.c OPTIMIZE(8,SPEED) BROWSE DEBUG OBJECTEXTEND PRINT(.\Listin
                    -gs\Timer0Mode0.lst) TABS(2) OBJECT(.\Objects\Timer0Mode0.obj)

line level    source

   1          //NOC=1ms/1.08592us = 921
   2          //max count of mode 0 is 8192
   3          //8192-921=7271
   4          //7271 in hex=0x1C67
   5          //7271 in binary is 1 1100 0110 0111
   6          //Load TH0=0xE3 TL0= 0x07
   7          #include <REG51.H>
   8          sbit mybit=P1^5;
   9          void TMODDelay()
  10          {
  11   1        TMOD=0x00;
  12   1        TH0=0xE3;
  13   1        TL0=0x07;
  14   1        TR0=1;
  15   1        while(TF0==0);
  16   1        TF0=0;
  17   1        TR0=0;
  18   1      }
  19          void main()
  20          {
  21   1        while(1)
  22   1        {
  23   2          mybit=~mybit;
  24   2          TMODDelay();
  25   2        }
  26   1      }


MODULE INFORMATION:   STATIC OVERLAYABLE
   CODE SIZE        =     26    ----
   CONSTANT SIZE    =   ----    ----
   XDATA SIZE       =   ----    ----
   PDATA SIZE       =   ----    ----
   DATA SIZE        =   ----    ----
   IDATA SIZE       =   ----    ----
   BIT SIZE         =   ----    ----
END OF MODULE INFORMATION.


C51 COMPILATION COMPLETE.  0 WARNING(S),  0 ERROR(S)
