C51 COMPILER V9.60.7.0   PROGRAM                                                           04/04/2023 15:06:07 PAGE 1   


C51 COMPILER V9.60.7.0, COMPILATION OF MODULE PROGRAM
OBJECT MODULE PLACED IN .\Objects\program.obj
COMPILER INVOKED BY: C:\Keil_v5\C51\BIN\C51.EXE program.c OPTIMIZE(8,SPEED) BROWSE DEBUG OBJECTEXTEND PRINT(.\Listings\p
                    -rogram.lst) TABS(2) OBJECT(.\Objects\program.obj)

line level    source

   1          #include <REG51.H>
   2          sbit sw1=P3^0;
   3          sbit sw2=P3^1;
   4          sbit sw3=P3^2; 
   5          unsigned int i;
   6          unsigned int wave[]={0x01,0x02,0x04,0x08};
   7          unsigned int fulld[]={0x0C,0x06,0x03,0x09};
   8          unsigned int halfd[]={0x08,0x0C,0x04,0x06,0x02,0x03,0x01,0x09};
   9          void delay(unsigned int time) // Delay Function
  10          {
  11   1        unsigned int i,j;
  12   1        for(i=0;i<time;i++)
  13   1        for(j=0;j<1275;j++);
  14   1      }
  15          
  16          void main() //Project main function
  17          {
  18   1        while(1)
  19   1        {
  20   2          if(sw1==0)
  21   2          {
  22   3            
  23   3            for(i=0;i<=3;i++){
  24   4            P2=wave[i];
  25   4            delay(100);
  26   4            P2=0x00;
  27   4            }
  28   3            
  29   3      //      P2=0x01; // 0001 P2_0=1,P2_1=0,P2_2=0,P2_3=0
  30   3      //      delay(100);
  31   3      //      P2=0x00; 
  32   3      //      delay(100);
  33   3      //      P2=0x02; //0010
  34   3      //      delay(100);
  35   3      //      P2=0x00; 
  36   3      //      delay(100);
  37   3      //      P2=0x04; //0100
  38   3      //      delay(100);
  39   3      //      P2=0x00; 
  40   3      //      delay(100);
  41   3      //      P2=0x08; //1000
  42   3      //      delay(100);
  43   3      //      P2=0x00; 
  44   3      //      delay(100);
  45   3          }
  46   2          else if(sw2==0)
  47   2          {
  48   3            for(i=0;i<=3;i++){
  49   4              P2=fulld[i];
  50   4              delay(100);
  51   4              P2=0x00;
  52   4            } 
  53   3      //      P2=0x0C; //1100      P2_0=1,P2_1=1,P2_2=0,P2_3=0
  54   3      //      delay(100);
C51 COMPILER V9.60.7.0   PROGRAM                                                           04/04/2023 15:06:07 PAGE 2   

  55   3      //      P2=0x00; 
  56   3      //      delay(100);
  57   3      //      P2=0x06; //0110
  58   3      //      delay(100);
  59   3      //      P2=0x00; 
  60   3      //      delay(100);
  61   3      //      P2=0x03; //0011
  62   3      //      delay(100);
  63   3      //      P2=0x00; 
  64   3      //      delay(100);
  65   3      //      P2=0x09; //1001
  66   3      //      delay(100);
  67   3      //      P2=0x00; 
  68   3      //      delay(100);
  69   3          }
  70   2          else if(sw3==0)
  71   2          {
  72   3              for(i=0;i<=7;i++){
  73   4              P2=halfd[i];
  74   4              delay(100);
  75   4              P2=0x00;
  76   4            } 
  77   3      //      P2=0x08; //1000      P2_0=1,P2_1=0,P2_2=0,P2_3=0
  78   3      //      delay(100);
  79   3      //      P2=0x00; 
  80   3      //      delay(100);
  81   3      //      P2=0x0C; //1100
  82   3      //      delay(100);
  83   3      //      P2=0x00; 
  84   3      //      delay(100);
  85   3      //      P2=0x04; //0100
  86   3      //      delay(100);
  87   3      //      P2=0x00; 
  88   3      //      delay(100);
  89   3      //      P2=0x06; //0110
  90   3      //      delay(100);
  91   3      //      P2=0x00; 
  92   3      //      delay(100);
  93   3      //      P2=0x02; //0010    
  94   3      //      delay(100);
  95   3      //      P2=0x00; 
  96   3      //      delay(100);
  97   3      //      P2=0x03; //0011
  98   3      //      delay(100);
  99   3      //      P2=0x00; 
 100   3      //      delay(100);
 101   3      //      P2=0x01; //0001
 102   3      //      delay(100);
 103   3      //      P2=0x00; 
 104   3      //      delay(100);
 105   3      //      P2=0x09; //1001
 106   3      //      delay(100);
 107   3      //      P2=0x00; 
 108   3      //      delay(100);
 109   3          }
 110   2          else{
 111   3            
 112   3          }
 113   2        }
 114   1      }


C51 COMPILER V9.60.7.0   PROGRAM                                                           04/04/2023 15:06:07 PAGE 3   

MODULE INFORMATION:   STATIC OVERLAYABLE
   CODE SIZE        =    164    ----
   CONSTANT SIZE    =   ----    ----
   XDATA SIZE       =   ----    ----
   PDATA SIZE       =   ----    ----
   DATA SIZE        =     34    ----
   IDATA SIZE       =   ----    ----
   BIT SIZE         =   ----    ----
END OF MODULE INFORMATION.


C51 COMPILATION COMPLETE.  0 WARNING(S),  0 ERROR(S)
