C51 COMPILER V9.60.7.0   3X3SW                                                             03/30/2023 23:21:11 PAGE 1   


C51 COMPILER V9.60.7.0, COMPILATION OF MODULE 3X3SW
OBJECT MODULE PLACED IN .\Objects\3x3sw.obj
COMPILER INVOKED BY: C:\Keil_v5\C51\BIN\C51.EXE 3x3sw.c OPTIMIZE(8,SPEED) BROWSE DEBUG OBJECTEXTEND PRINT(.\Listings\3x3
                    -sw.lst) TABS(2) OBJECT(.\Objects\3x3sw.obj)

line level    source

   1          #include <REG51.H>
   2          
   3          sbit c1 = P3^0;
   4          sbit c2 = P3^1;
   5          sbit c3 = P3^2;
   6          sbit r1 = P2^0;
   7          sbit r2 = P2^1;
   8          sbit r3 = P2^2;
   9          sfr n = 0xA0;
  10          
  11          int main()
  12          {
  13   1        n = 0x00;
  14   1        c1=0;c2=0;c3=0;r1=0;r2=0;r3=0;
  15   1        
  16   1        while(1)
  17   1        {
  18   2          c1=1;c2=0;c3=0;
  19   2          if(r1==1 && r2==0 && r3==0)
  20   2          {
  21   3            P2 = 0x06;
  22   3          }
  23   2          if(r1==0 && r2==1 && r3==0)
  24   2          {
  25   3            P2 = 0x66;
  26   3          }
  27   2          if(r1==0 && r2==0 && r3==1)
  28   2          {
  29   3            P2 = 0x07;
  30   3          }
  31   2          
  32   2          c1=0;c2=1;c3=0;
  33   2          if(r1==1 && r2==0 && r3==0)
  34   2          {
  35   3            P2 = 0x5B;
  36   3          }
  37   2          if(r1==0 && r2==1 && r3==0)
  38   2          {
  39   3            P2 = 0x6D;
  40   3          }
  41   2          if(r1==0 && r2==0 && r3==1)
  42   2          {
  43   3            P2 = 0x7F;
  44   3          }
  45   2          
  46   2          c1=0;c2=0;c3=1;
  47   2          if(r1==1 && r2==0 && r3==0)
  48   2          {
  49   3            P2 = 0x4F;
  50   3          }
  51   2          if(r1==0 && r2==1 && r3==0)
  52   2          {
  53   3            P2 = 0x7D;
  54   3          }
C51 COMPILER V9.60.7.0   3X3SW                                                             03/30/2023 23:21:11 PAGE 2   

  55   2          if(r1==0 && r2==0 && r3==1)
  56   2          {
  57   3            P2 = 0x6F;
  58   3          }
  59   2          if(r1==0 && r2==0 && r3==0)
  60   2          {
  61   3          P2=0x00;
  62   3          }
  63   2        }
  64   1      }


MODULE INFORMATION:   STATIC OVERLAYABLE
   CODE SIZE        =    165    ----
   CONSTANT SIZE    =   ----    ----
   XDATA SIZE       =   ----    ----
   PDATA SIZE       =   ----    ----
   DATA SIZE        =   ----    ----
   IDATA SIZE       =   ----    ----
   BIT SIZE         =   ----    ----
END OF MODULE INFORMATION.


C51 COMPILATION COMPLETE.  0 WARNING(S),  0 ERROR(S)
