C51 COMPILER V9.60.7.0   PROG                                                              04/09/2023 20:09:20 PAGE 1   


C51 COMPILER V9.60.7.0, COMPILATION OF MODULE PROG
OBJECT MODULE PLACED IN .\Objects\prog.obj
COMPILER INVOKED BY: C:\Keil_v5\C51\BIN\C51.EXE prog.c OPTIMIZE(8,SPEED) BROWSE DEBUG OBJECTEXTEND PRINT(.\Listings\prog
                    -.lst) TABS(2) OBJECT(.\Objects\prog.obj)

line level    source

   1          #include <REG51.H>
   2          sbit LED=P1^0;
   3          void delay()
   4          {
   5   1        TH0=0x4B;
   6   1        TL0=0xFC;
   7   1        TR0=1;
   8   1        while(TF0==0);
   9   1        TR0=0;
  10   1        TF0=0;
  11   1      }
  12          void main()
  13          {
  14   1        TMOD=0x01;
  15   1        while(1)
  16   1        {
  17   2          LED=0;
  18   2          delay();
  19   2          LED=1;
  20   2          delay();
  21   2        }
  22   1      }


MODULE INFORMATION:   STATIC OVERLAYABLE
   CODE SIZE        =     31    ----
   CONSTANT SIZE    =   ----    ----
   XDATA SIZE       =   ----    ----
   PDATA SIZE       =   ----    ----
   DATA SIZE        =   ----    ----
   IDATA SIZE       =   ----    ----
   BIT SIZE         =   ----    ----
END OF MODULE INFORMATION.


C51 COMPILATION COMPLETE.  0 WARNING(S),  0 ERROR(S)
