C51 COMPILER V9.60.7.0   SSD1                                                              03/09/2023 23:21:04 PAGE 1   


C51 COMPILER V9.60.7.0, COMPILATION OF MODULE SSD1
OBJECT MODULE PLACED IN .\Objects\ssd1.obj
COMPILER INVOKED BY: C:\Keil_v5\C51\BIN\C51.EXE ssd1.c OPTIMIZE(8,SPEED) BROWSE DEBUG OBJECTEXTEND PRINT(.\Listings\ssd1
                    -.lst) TABS(2) OBJECT(.\Objects\ssd1.obj)

line level    source

   1          #include <REG51.H>
   2          sfr port2=0XA0;
   3          void msdelay(unsigned int time){
   4   1        unsigned int i,j;
   5   1        for(i=0;i<time;i++){
   6   2          for(j=0;j<1275;j++);
   7   2        }
   8   1      }
   9          void main(){
  10   1        unsigned char num[16]={0XC0,0XF9,0XA4,0XB0,0X99,0X92,0X82,0XF8,0X80,0X90,0X88,0X83,0XC6,0XA1,0X86,0X8E};
  11   1        unsigned char num2[10]={0X3F,0X06,0X5B,0X4F,0X66,0X60,0XF0,0X07,0X7F,0X6F};
  12   1        unsigned char k;
  13   1        port2=0;//define P2 as output
  14   1        while(1){
  15   2          for(k=0;k<10;k++){
  16   3            port2=num2[k];
  17   3            msdelay(100);
  18   3          }
  19   2        }
  20   1      
  21   1      }


MODULE INFORMATION:   STATIC OVERLAYABLE
   CODE SIZE        =     95    ----
   CONSTANT SIZE    =     26    ----
   XDATA SIZE       =   ----    ----
   PDATA SIZE       =   ----    ----
   DATA SIZE        =   ----      26
   IDATA SIZE       =   ----    ----
   BIT SIZE         =   ----    ----
END OF MODULE INFORMATION.


C51 COMPILATION COMPLETE.  0 WARNING(S),  0 ERROR(S)
