C51 COMPILER V9.60.7.0   PROG                                                              04/07/2023 12:39:39 PAGE 1   


C51 COMPILER V9.60.7.0, COMPILATION OF MODULE PROG
OBJECT MODULE PLACED IN .\Objects\prog.obj
COMPILER INVOKED BY: C:\Keil_v5\C51\BIN\C51.EXE prog.c OPTIMIZE(8,SPEED) BROWSE DEBUG OBJECTEXTEND PRINT(.\Listings\prog
                    -.lst) TABS(2) OBJECT(.\Objects\prog.obj)

line level    source

   1          /*Program to generate square wave on port pin P1.0 and rectangular wave on port pin P1.1
   2          using External Interrupt 0 and External Interrupt 1 respectively.*/
   3          
   4          //a. Use by default priority and sensitivity.
   5          #include <REG51.H>
   6          sbit LED1=P1^0;
   7          sbit LED2=P1^1;
   8          
   9          
  10          void ext0_isr(void) interrupt 0
  11          {
  12   1        
  13   1        LED1=~LED1;
  14   1      }
  15          void ext1_isr(void) interrupt 2
  16          {
  17   1        
  18   1        LED2=~LED2;
  19   1      }
  20          
  21          void main()
  22          {
  23   1        LED1=~LED1;
  24   1        LED2=~LED2; 
  25   1        IE=0X85;
  26   1        //TCON=0X05;//External Interrupt 0 and 1 Falling Edge
  27   1        while(1);
  28   1      }
  29          
  30          //b.Reverse the priority but default sensitivity
  31          //#include <REG51.H>
  32          //sbit LED1=P1^0;
  33          //sbit LED2=P1^1;
  34          
  35          //void ext0_isr(void) interrupt 0
  36          //{
  37          //  LED1=~LED1;
  38          //}
  39          //void ext1_isr(void) interrupt 2
  40          //{
  41          //  LED2=~LED2;
  42          //}
  43          
  44          //void main()
  45          //{
  46          //  LED1=~LED1;
  47          //  LED2=~LED2; 
  48          //  IE=0X85;
  49          //  IP=0X04;//Higest Priority assigned to INT1
  50          //  //TCON=0X05;//External Interrupt 0 and 1  Falling Edge
  51          //  while(1);
  52          //}


C51 COMPILER V9.60.7.0   PROG                                                              04/07/2023 12:39:39 PAGE 2   

MODULE INFORMATION:   STATIC OVERLAYABLE
   CODE SIZE        =     15    ----
   CONSTANT SIZE    =   ----    ----
   XDATA SIZE       =   ----    ----
   PDATA SIZE       =   ----    ----
   DATA SIZE        =   ----    ----
   IDATA SIZE       =   ----    ----
   BIT SIZE         =   ----    ----
END OF MODULE INFORMATION.


C51 COMPILATION COMPLETE.  0 WARNING(S),  0 ERROR(S)
