C51 COMPILER V9.60.7.0   SERIALRECEIVE                                                     04/10/2023 17:58:35 PAGE 1   


C51 COMPILER V9.60.7.0, COMPILATION OF MODULE SERIALRECEIVE
OBJECT MODULE PLACED IN .\Objects\serialreceive.obj
COMPILER INVOKED BY: C:\Keil_v5\C51\BIN\C51.EXE serialreceive.c OPTIMIZE(8,SPEED) BROWSE DEBUG OBJECTEXTEND PRINT(.\List
                    -ings\serialreceive.lst) TABS(2) OBJECT(.\Objects\serialreceive.obj)

line level    source

   1          #include <REG51.H>
   2          void receive(){
   3   1        unsigned char rbyte;
   4   1        TH1=0xFA;
   5   1        SCON=0x50;//mode 1 with reception enable timer 1 as timer
   6   1        TR1=1;
   7   1        while(1)
   8   1        {
   9   2          while(RI==0);
  10   2          rbyte=SBUF;
  11   2          P1=rbyte;
  12   2          RI=0; 
  13   2        }
  14   1      }
  15          void main()
  16          {
  17   1        TMOD=0x20;
  18   1        receive();
  19   1      }


MODULE INFORMATION:   STATIC OVERLAYABLE
   CODE SIZE        =     25    ----
   CONSTANT SIZE    =   ----    ----
   XDATA SIZE       =   ----    ----
   PDATA SIZE       =   ----    ----
   DATA SIZE        =   ----    ----
   IDATA SIZE       =   ----    ----
   BIT SIZE         =   ----    ----
END OF MODULE INFORMATION.


C51 COMPILATION COMPLETE.  0 WARNING(S),  0 ERROR(S)
