C51 COMPILER V9.60.7.0   STRANSMIT                                                         05/24/2023 20:35:02 PAGE 1   


C51 COMPILER V9.60.7.0, COMPILATION OF MODULE STRANSMIT
OBJECT MODULE PLACED IN .\Objects\stransmit.obj
COMPILER INVOKED BY: C:\Keil_v5\C51\BIN\C51.EXE stransmit.c OPTIMIZE(8,SPEED) BROWSE DEBUG OBJECTEXTEND PRINT(.\Listings
                    -\stransmit.lst) TABS(2) OBJECT(.\Objects\stransmit.obj)

line level    source

   1          #include <REG51.H>
   2          void transmit(char ch)
   3          {
   4   1        TMOD=0x20;//mode 2 of timer 1 is selected as timer
   5   1        TH1=0xFA;//4800 baud rate
   6   1        SCON=0x40;//mode 1 of serial transmission
   7   1        TR1=1;
   8   1        SBUF=ch;
   9   1        while(TI==0);
  10   1        TI=0; 
  11   1      }
  12          void main()
  13          {
  14   1        while(1){
  15   2        transmit('*');
  16   2        transmit('A');
  17   2        transmit('N');
  18   2        transmit('I');
  19   2        transmit('K');
  20   2        transmit('E');
  21   2        transmit('T');
  22   2        transmit('*');
  23   2        }
  24   1      } 


MODULE INFORMATION:   STATIC OVERLAYABLE
   CODE SIZE        =     61    ----
   CONSTANT SIZE    =   ----    ----
   XDATA SIZE       =   ----    ----
   PDATA SIZE       =   ----    ----
   DATA SIZE        =   ----    ----
   IDATA SIZE       =   ----    ----
   BIT SIZE         =   ----    ----
END OF MODULE INFORMATION.


C51 COMPILATION COMPLETE.  0 WARNING(S),  0 ERROR(S)
