C51 COMPILER V9.60.7.0   KEYPADCASSD                                                       03/30/2023 19:34:11 PAGE 1   


C51 COMPILER V9.60.7.0, COMPILATION OF MODULE KEYPADCASSD
OBJECT MODULE PLACED IN .\Objects\keypadcassd.obj
COMPILER INVOKED BY: C:\Keil_v5\C51\BIN\C51.EXE keypadcassd.c OPTIMIZE(8,SPEED) BROWSE DEBUG OBJECTEXTEND PRINT(.\Listin
                    -gs\keypadcassd.lst) TABS(2) OBJECT(.\Objects\keypadcassd.obj)

line level    source

   1          #include <REG51.H>
   2          sfr port2=0XA0;
   3          sbit r1=P1^0;
   4          sbit r2=P1^1;
   5          sbit r3=P1^2;
   6          sbit r4=P1^3;
   7          sbit c1=P1^4;
   8          sbit c2=P1^5;
   9          sbit c3=P1^6;
  10          
  11          unsigned char snum;
  12          unsigned char num2[10]={0X3F,0X06,0X5B,0X4F,0X66,0X6D,0X7D,0X07,0X7F,0X6F};
  13          void keypad(void);
  14          void keypad()
  15          {
  16   1        //c1=c2=c3=1;
  17   1        r1=0;r2=1;r3=1;r4=1;
  18   1        if(c1==0)
  19   1        {
  20   2          while(c1==0);
  21   2          //lcd_data('1');
  22   2          snum=num2[1];
  23   2          
  24   2        }
  25   1        else if(c2==0)
  26   1        {
  27   2          while(c2==0);
  28   2          //lcd_data('2');
  29   2          snum=num2[2];
  30   2        }
  31   1        else if(c3==0)
  32   1        {
  33   2          while(c3==0);
  34   2          //lcd_data('3');
  35   2          snum=num2[3];
  36   2          
  37   2        }
  38   1        
  39   1        r1=1;r2=0;r3=1;r4=1;
  40   1        if(c1==0)
  41   1        {
  42   2          while(c1==0);
  43   2          //lcd_data('4');
  44   2          snum=num2[4];
  45   2        }
  46   1        else if(c2==0)
  47   1        {
  48   2          while(c2==0);
  49   2          //lcd_data('5');
  50   2          snum=num2[5];
  51   2        }
  52   1        else if(c3==0)
  53   1        {
  54   2          while(c3==0);
C51 COMPILER V9.60.7.0   KEYPADCASSD                                                       03/30/2023 19:34:11 PAGE 2   

  55   2          //lcd_data('6');
  56   2          snum=num2[6];
  57   2        }
  58   1        
  59   1        r1=1;r2=1;r3=0;r4=1;
  60   1        if(c1==0)
  61   1        {
  62   2          while(c1==0);
  63   2          //lcd_data('7');
  64   2          snum=num2[7];
  65   2        }
  66   1        else if(c2==0)
  67   1        {
  68   2          while(c2==0);
  69   2          //lcd_data('8');
  70   2          snum=num2[8];
  71   2        }
  72   1        else if(c3==0)
  73   1        {
  74   2          while(c3==0);
  75   2          //lcd_data('9');
  76   2          snum=num2[9];
  77   2        }
  78   1        
  79   1        
  80   1        r1=1;r2=1;r3=1;r4=0;
  81   1        if(c1==0)
  82   1        {
  83   2          while(c1==0);
  84   2          //lcd_data('*');
  85   2          snum=num2[0];
  86   2        }
  87   1        else if(c2==0)
  88   1        {
  89   2          while(c2==0);
  90   2          //lcd_data('0');
  91   2          snum=num2[0];
  92   2        }
  93   1        else if(c3==0)
  94   1        {
  95   2          while(c3==0);
  96   2          //lcd_data('#');
  97   2          snum=num2[0];
  98   2        }
  99   1      }
 100          void main(){
 101   1        port2=0;//define P2 as output
 102   1        while(1){
 103   2          keypad();
 104   2          port2=snum;
 105   2        }
 106   1      }


MODULE INFORMATION:   STATIC OVERLAYABLE
   CODE SIZE        =    162    ----
   CONSTANT SIZE    =   ----    ----
   XDATA SIZE       =   ----    ----
   PDATA SIZE       =   ----    ----
   DATA SIZE        =     11    ----
   IDATA SIZE       =   ----    ----
   BIT SIZE         =   ----    ----
C51 COMPILER V9.60.7.0   KEYPADCASSD                                                       03/30/2023 19:34:11 PAGE 3   

END OF MODULE INFORMATION.


C51 COMPILATION COMPLETE.  0 WARNING(S),  0 ERROR(S)
