C51 COMPILER V9.60.7.0   PROG                                                              04/09/2023 21:52:10 PAGE 1   


C51 COMPILER V9.60.7.0, COMPILATION OF MODULE PROG
OBJECT MODULE PLACED IN .\Objects\prog.obj
COMPILER INVOKED BY: C:\Keil_v5\C51\BIN\C51.EXE prog.c OPTIMIZE(8,SPEED) BROWSE DEBUG OBJECTEXTEND PRINT(.\Listings\prog
                    -.lst) TABS(2) OBJECT(.\Objects\prog.obj)

line level    source

   1          #include <REG51.H>
   2          sbit LED=P1^0;
   3          void delay()
   4          {
   5   1        TH0=0x00;
   6   1        TL0=0x00;
   7   1        TR0=1;
   8   1        //while((TH0<=0xB4) && (TL0<=0x03));
   9   1        while(TL0<=0x03)
  10   1        {
  11   2          while(TH0<=0xB4);
  12   2          TR0=0;
  13   2        }
  14   1      }
  15          void main()
  16          {
  17   1        TMOD=0x01;
  18   1        while(1)
  19   1        {
  20   2          LED=0;
  21   2          delay();
  22   2          LED=1;
  23   2          delay();
  24   2        }
  25   1      }


MODULE INFORMATION:   STATIC OVERLAYABLE
   CODE SIZE        =     41    ----
   CONSTANT SIZE    =   ----    ----
   XDATA SIZE       =   ----    ----
   PDATA SIZE       =   ----    ----
   DATA SIZE        =   ----    ----
   IDATA SIZE       =   ----    ----
   BIT SIZE         =   ----    ----
END OF MODULE INFORMATION.


C51 COMPILATION COMPLETE.  0 WARNING(S),  0 ERROR(S)
