C51 COMPILER V9.60.7.0   3BY3AWLED                                                         03/30/2023 16:23:22 PAGE 1   


C51 COMPILER V9.60.7.0, COMPILATION OF MODULE 3BY3AWLED
OBJECT MODULE PLACED IN .\Objects\3by3awled.obj
COMPILER INVOKED BY: C:\Keil_v5\C51\BIN\C51.EXE 3by3awled.c OPTIMIZE(8,SPEED) BROWSE DEBUG OBJECTEXTEND PRINT(.\Listings
                    -\3by3awled.lst) TABS(2) OBJECT(.\Objects\3by3awled.obj)

line level    source

   1          #include <REG51.H>
   2          
   3          sbit c1=P2^0;
   4          sbit c2=P2^1;
   5          sbit c3=P2^2;
   6          sbit r1=P2^3;
   7          sbit r2=P2^4;
   8          sbit r3=P2^5;
   9          
  10          sbit led1=P1^0;
  11          sbit led2=P1^1;
  12          sbit led3=P1^2;
  13          sbit led4=P1^3;
  14          sbit led5=P1^4;
  15          sbit led6=P1^5;
  16          sbit led7=P1^6;
  17          sbit led8=P1^7;
  18          
  19          
  20          
  21          /*void msdelay(unsigned int time)
  22          {
  23            unsigned int i,j;
  24            for(i=0;i<time;i++)
  25            {
  26              for(j=0;j<1275;j++);
  27            }
  28          }
  29          */
  30          
  31          void main()
  32          {
  33   1        led1=led2=led3=led4=led5=led6=led7=led8=0;
  34   1        c1=0;
  35   1        c2=0;
  36   1        c3=0;
  37   1        r1=0;
  38   1        r2=0;
  39   1        r3=0;
  40   1        while(1)
  41   1        {
  42   2          c1=1;c2=0;c3=0;
  43   2          if(r1==1 && r2==0&& r3==0)
  44   2          {
  45   3            led1=1;
  46   3          }
  47   2          if(r1==0 && r2==1&& r3==0)
  48   2          {
  49   3            led2=1;
  50   3          }
  51   2          if(r1==0 && r2==0&& r3==1)
  52   2          {
  53   3            led3=1;
  54   3          }
C51 COMPILER V9.60.7.0   3BY3AWLED                                                         03/30/2023 16:23:22 PAGE 2   

  55   2          
  56   2          c1=0;c2=1;c3=0;
  57   2          if(r1==1 && r2==0&& r3==0)
  58   2          {
  59   3            led4=1;
  60   3          }
  61   2          if(r1==0 && r2==1&& r3==0)
  62   2          {
  63   3            led5=1;
  64   3          }
  65   2          if(r1==0 && r2==0&& r3==1)
  66   2          {
  67   3            led6=1;
  68   3          }
  69   2          
  70   2          c1=0;c2=0;c3=1;
  71   2          if(r1==1 && r2==0&& r3==0)
  72   2          {
  73   3            led7=1;
  74   3          }
  75   2          if(r1==0 && r2==1&& r3==0)
  76   2          {
  77   3            led8=1;
  78   3          }
  79   2          if(r1==0 && r2==0&& r3==1)
  80   2          {
  81   3            led1=led2=led3=led4=led5=led6=led7=led8=1;
  82   3          }
  83   2        }
  84   1      }


MODULE INFORMATION:   STATIC OVERLAYABLE
   CODE SIZE        =    162    ----
   CONSTANT SIZE    =   ----    ----
   XDATA SIZE       =   ----    ----
   PDATA SIZE       =   ----    ----
   DATA SIZE        =   ----    ----
   IDATA SIZE       =   ----    ----
   BIT SIZE         =   ----    ----
END OF MODULE INFORMATION.


C51 COMPILATION COMPLETE.  0 WARNING(S),  0 ERROR(S)
