C51 COMPILER V9.60.7.0   SERIALRECEIVELCD                                                  04/17/2023 17:08:16 PAGE 1   


C51 COMPILER V9.60.7.0, COMPILATION OF MODULE SERIALRECEIVELCD
OBJECT MODULE PLACED IN .\Objects\SerialReceiveLCD.obj
COMPILER INVOKED BY: C:\Keil_v5\C51\BIN\C51.EXE SerialReceiveLCD.c OPTIMIZE(8,SPEED) BROWSE DEBUG OBJECTEXTEND PRINT(.\L
                    -istings\SerialReceiveLCD.lst) TABS(2) OBJECT(.\Objects\SerialReceiveLCD.obj)

line level    source

   1          #include <REG51.H>
   2          #include"LCD.h"
   3          void UART_Init()
   4          {
   5   1        TMOD=0x20;
   6   1        TH1=0xFA;
   7   1        SCON=0x50;
   8   1        TR1=1;
   9   1      }
  10          unsigned char RX_data(void)
  11          {
  12   1        unsigned char a;
  13   1        while(RI==0);
  14   1        RI=0;
  15   1        a=SBUF;//Received data is stored in a variable
  16   1        return a;
  17   1      }
  18          void main()
  19          {
  20   1        unsigned char x;
  21   1        LCD_Init();
  22   1        UART_Init();
  23   1        while(1)
  24   1        {
  25   2          x=RX_data();
  26   2          if(x==0x00D)
  27   2          {
  28   3            LCD_Command(0xCD);//go to 2nd line
  29   3          }
  30   2          else if(x=='1')
  31   2          {
  32   3            LCD_Command(0x01);//clear the LCD
  33   3          }
  34   2          else
  35   2          {
  36   3            LCD_data(x);
  37   3            delay(10);
  38   3            
  39   3          }
  40   2        }
  41   1      }


MODULE INFORMATION:   STATIC OVERLAYABLE
   CODE SIZE        =    246    ----
   CONSTANT SIZE    =   ----    ----
   XDATA SIZE       =   ----    ----
   PDATA SIZE       =   ----    ----
   DATA SIZE        =   ----       6
   IDATA SIZE       =   ----    ----
   BIT SIZE         =   ----    ----
END OF MODULE INFORMATION.


C51 COMPILATION COMPLETE.  0 WARNING(S),  0 ERROR(S)
